# JRE version: Java(TM) SE Runtime Environment (8.0_92-b14) (build 1.8.0_92-b14)
# Java VM: Java HotSpot(TM) 64-Bit Server VM (25.92-b14 mixed mode bsd-amd64 compressed oops)
Heap:
 PSYoungGen      total 207360K, used 49483K [0x00000007b0000000, 0x00000007c0000000, 0x00000007c0000000)
  eden space 152576K, 11% used [0x00000007b0000000,0x00000007b10e50b8,0x00000007b9500000)
  from space 54784K, 58% used [0x00000007b9500000,0x00000007bb46de48,0x00000007bca80000)
  to   space 53760K, 0% used [0x00000007bcb80000,0x00000007bcb80000,0x00000007c0000000)
 ParOldGen       total 524288K, used 144613K [0x0000000790000000, 0x00000007b0000000, 0x00000007b0000000)
  object space 524288K, 27% used [0x0000000790000000,0x0000000798d396a8,0x00000007b0000000)
 Metaspace       used 69103K, capacity 72310K, committed 72472K, reserved 1112064K
  class space    used 8840K, capacity 9934K, committed 10032K, reserved 1048576K
GC Heap History (10 events):
Event: 35.263 GC heap before
{Heap before GC invocations=28 (full 3):
 PSYoungGen      total 192512K, used 192485K [0x00000007b0000000, 0x00000007c0000000, 0x00000007c0000000)
  eden space 161792K, 100% used [0x00000007b0000000,0x00000007b9e00000,0x00000007b9e00000)
  from space 30720K, 99% used [0x00000007be200000,0x00000007bfff9568,0x00000007c0000000)
  to   space 50176K, 0% used [0x00000007b9e00000,0x00000007b9e00000,0x00000007bcf00000)
 ParOldGen       total 524288K, used 128696K [0x0000000790000000, 0x00000007b0000000, 0x00000007b0000000)
  object space 524288K, 24% used [0x0000000790000000,0x0000000797dae120,0x00000007b0000000)
 Metaspace       used 66429K, capacity 69054K, committed 69272K, reserved 1110016K
  class space    used 8538K, capacity 9522K, committed 9648K, reserved 1048576K
Event: 35.278 GC heap after
Heap after GC invocations=28 (full 3):
 PSYoungGen      total 211968K, used 23370K [0x00000007b0000000, 0x00000007c0000000, 0x00000007c0000000)
  eden space 161792K, 0% used [0x00000007b0000000,0x00000007b0000000,0x00000007b9e00000)
  from space 50176K, 46% used [0x00000007b9e00000,0x00000007bb4d2900,0x00000007bcf00000)
  to   space 47616K, 0% used [0x00000007bd180000,0x00000007bd180000,0x00000007c0000000)
 ParOldGen       total 524288K, used 138209K [0x0000000790000000, 0x00000007b0000000, 0x00000007b0000000)
  object space 524288K, 26% used [0x0000000790000000,0x00000007986f8528,0x00000007b0000000)
 Metaspace       used 66429K, capacity 69054K, committed 69272K, reserved 1110016K
  class space    used 8538K, capacity 9522K, committed 9648K, reserved 1048576K
}
Event: 1741.325 GC heap before
{Heap before GC invocations=29 (full 3):
 PSYoungGen      total 211968K, used 185162K [0x00000007b0000000, 0x00000007c0000000, 0x00000007c0000000)
  eden space 161792K, 100% used [0x00000007b0000000,0x00000007b9e00000,0x00000007b9e00000)
  from space 50176K, 46% used [0x00000007b9e00000,0x00000007bb4d2900,0x00000007bcf00000)
  to   space 47616K, 0% used [0x00000007bd180000,0x00000007bd180000,0x00000007c0000000)
 ParOldGen       total 524288K, used 138209K [0x0000000790000000, 0x00000007b0000000, 0x00000007b0000000)
  object space 524288K, 26% used [0x0000000790000000,0x00000007986f8528,0x00000007b0000000)
 Metaspace       used 67003K, capacity 69968K, committed 70168K, reserved 1110016K
  class space    used 8641K, capacity 9668K, committed 9776K, reserved 1048576K
Event: 1741.803 GC heap after
Heap after GC invocations=29 (full 3):
 PSYoungGen      total 215552K, used 26327K [0x00000007b0000000, 0x00000007c0000000, 0x00000007c0000000)
  eden space 167936K, 0% used [0x00000007b0000000,0x00000007b0000000,0x00000007ba400000)
  from space 47616K, 55% used [0x00000007bd180000,0x00000007beb35cf0,0x00000007c0000000)
  to   space 46592K, 0% used [0x00000007ba400000,0x00000007ba400000,0x00000007bd180000)
 ParOldGen       total 524288K, used 138217K [0x0000000790000000, 0x00000007b0000000, 0x00000007b0000000)
  object space 524288K, 26% used [0x0000000790000000,0x00000007986fa528,0x00000007b0000000)
 Metaspace       used 67003K, capacity 69968K, committed 70168K, reserved 1110016K
  class space    used 8641K, capacity 9668K, committed 9776K, reserved 1048576K
}
Event: 3704.512 GC heap before
{Heap before GC invocations=30 (full 3):
 PSYoungGen      total 215552K, used 194263K [0x00000007b0000000, 0x00000007c0000000, 0x00000007c0000000)
  eden space 167936K, 100% used [0x00000007b0000000,0x00000007ba400000,0x00000007ba400000)
  from space 47616K, 55% used [0x00000007bd180000,0x00000007beb35cf0,0x00000007c0000000)
  to   space 46592K, 0% used [0x00000007ba400000,0x00000007ba400000,0x00000007bd180000)
 ParOldGen       total 524288K, used 138217K [0x0000000790000000, 0x00000007b0000000, 0x00000007b0000000)
  object space 524288K, 26% used [0x0000000790000000,0x00000007986fa528,0x00000007b0000000)
 Metaspace       used 68312K, capacity 71280K, committed 71576K, reserved 1112064K
  class space    used 8755K, capacity 9780K, committed 9904K, reserved 1048576K
Event: 3704.846 GC heap after
Heap after GC invocations=30 (full 3):
 PSYoungGen      total 214528K, used 32003K [0x00000007b0000000, 0x00000007c0000000, 0x00000007c0000000)
  eden space 167936K, 0% used [0x00000007b0000000,0x00000007b0000000,0x00000007ba400000)
  from space 46592K, 68% used [0x00000007ba400000,0x00000007bc340dc0,0x00000007bd180000)
  to   space 47616K, 0% used [0x00000007bd180000,0x00000007bd180000,0x00000007c0000000)
 ParOldGen       total 524288K, used 138225K [0x0000000790000000, 0x00000007b0000000, 0x00000007b0000000)
  object space 524288K, 26% used [0x0000000790000000,0x00000007986fc528,0x00000007b0000000)
 Metaspace       used 68312K, capacity 71280K, committed 71576K, reserved 1112064K
  class space    used 8755K, capacity 9780K, committed 9904K, reserved 1048576K
}
Event: 5033.337 GC heap before
{Heap before GC invocations=31 (full 3):
 PSYoungGen      total 214528K, used 197164K [0x00000007b0000000, 0x00000007c0000000, 0x00000007c0000000)
  eden space 167936K, 98% used [0x00000007b0000000,0x00000007ba14a500,0x00000007ba400000)
  from space 46592K, 68% used [0x00000007ba400000,0x00000007bc340dc0,0x00000007bd180000)
  to   space 47616K, 0% used [0x00000007bd180000,0x00000007bd180000,0x00000007c0000000)
 ParOldGen       total 524288K, used 138225K [0x0000000790000000, 0x00000007b0000000, 0x00000007b0000000)
  object space 524288K, 26% used [0x0000000790000000,0x00000007986fc528,0x00000007b0000000)
 Metaspace       used 68971K, capacity 72036K, committed 72088K, reserved 1112064K
  class space    used 8805K, capacity 9870K, committed 9904K, reserved 1048576K
Event: 5033.712 GC heap after
Heap after GC invocations=31 (full 3):
 PSYoungGen      total 200192K, used 47599K [0x00000007b0000000, 0x00000007c0000000, 0x00000007c0000000)
  eden space 152576K, 0% used [0x00000007b0000000,0x00000007b0000000,0x00000007b9500000)
  from space 47616K, 99% used [0x00000007bd180000,0x00000007bfffbd80,0x00000007c0000000)
  to   space 54784K, 0% used [0x00000007b9500000,0x00000007b9500000,0x00000007bca80000)
 ParOldGen       total 524288K, used 140469K [0x0000000790000000, 0x00000007b0000000, 0x00000007b0000000)
  object space 524288K, 26% used [0x0000000790000000,0x000000079892d428,0x00000007b0000000)
 Metaspace       used 68971K, capacity 72036K, committed 72088K, reserved 1112064K
  class space    used 8805K, capacity 9870K, committed 9904K, reserved 1048576K
}
Event: 5035.374 GC heap before
{Heap before GC invocations=32 (full 3):
 PSYoungGen      total 200192K, used 200175K [0x00000007b0000000, 0x00000007c0000000, 0x00000007c0000000)
  eden space 152576K, 100% used [0x00000007b0000000,0x00000007b9500000,0x00000007b9500000)
  from space 47616K, 99% used [0x00000007bd180000,0x00000007bfffbd80,0x00000007c0000000)
  to   space 54784K, 0% used [0x00000007b9500000,0x00000007b9500000,0x00000007bca80000)
 ParOldGen       total 524288K, used 140469K [0x0000000790000000, 0x00000007b0000000, 0x00000007b0000000)
  object space 524288K, 26% used [0x0000000790000000,0x000000079892d428,0x00000007b0000000)
 Metaspace       used 69092K, capacity 72298K, committed 72472K, reserved 1112064K
  class space    used 8839K, capacity 9932K, committed 10032K, reserved 1048576K
Event: 5035.393 GC heap after
Heap after GC invocations=32 (full 3):
 PSYoungGen      total 207360K, used 32183K [0x00000007b0000000, 0x00000007c0000000, 0x00000007c0000000)
  eden space 152576K, 0% used [0x00000007b0000000,0x00000007b0000000,0x00000007b9500000)
  from space 54784K, 58% used [0x00000007b9500000,0x00000007bb46de48,0x00000007bca80000)
  to   space 53760K, 0% used [0x00000007bcb80000,0x00000007bcb80000,0x00000007c0000000)
 ParOldGen       total 524288K, used 144613K [0x0000000790000000, 0x00000007b0000000, 0x00000007b0000000)
  object space 524288K, 27% used [0x0000000790000000,0x0000000798d396a8,0x00000007b0000000)
 Metaspace       used 69092K, capacity 72298K, committed 72472K, reserved 1112064K
  class space    used 8839K, capacity 9932K, committed 10032K, reserved 1048576K
}

